<?xml version="1.0" encoding="UTF-8"?>
<!-- Generated by org.testng.reporters.JUnitXMLReporter -->
<testsuite ignored="0" hostname="DESKTOP-QCVUE6B" failures="0" tests="3" name="Default test" time="13.747" errors="0" timestamp="2024-06-10T18:46:08 IST">
  <testcase classname="test.TestClassTest" name="verifyUserCanLogin" time="2.386"/>
  <testcase classname="test.TestClassTest" name="verifyUserCanLogin" time="2.021"/>
  <testcase classname="test.TestClassTest" name="verifyUserCanLogin" time="1.972"/>
</testsuite> <!-- Default test -->
