<?xml version="1.0" encoding="UTF-8"?>
<!-- Generated by org.testng.reporters.JUnitXMLReporter -->
<testsuite ignored="0" hostname="DESKTOP-QCVUE6B" failures="0" tests="3" name="Default test" time="19.601" errors="0" timestamp="2024-06-05T00:37:47 IST">
  <testcase classname="test.TestClassTest" name="verifyUserCanLogin" time="2.707"/>
  <testcase classname="test.TestClassTest" name="verifyUserCanLogin" time="2.549"/>
  <testcase classname="test.TestClassTest" name="verifyUserCanLogin" time="2.37"/>
</testsuite> <!-- Default test -->
