<?xml version="1.0" encoding="UTF-8"?>
<testng-results ignored="0" total="3" passed="3" failed="0" skipped="0">
  <reporter-output>
  </reporter-output>
  <suite started-at="2024-06-05T00:37:27 IST" name="Default suite" finished-at="2024-06-05T00:37:47 IST" duration-ms="19601">
    <groups>
    </groups>
    <test started-at="2024-06-05T00:37:27 IST" name="Default test" finished-at="2024-06-05T00:37:47 IST" duration-ms="19601">
      <class name="test.TestClassTest">
        <test-method is-config="true" signature="beforeClass(java.lang.String)[pri:0, instance:test.TestClassTest@4f83df68]" started-at="2024-06-05T00:37:27 IST" name="beforeClass" finished-at="2024-06-05T00:37:38 IST" duration-ms="10461" status="PASS">
          <params>
            <param index="0">
              <value>
                <![CDATA[browser]]>
              </value>
            </param>
          </params>
          <reporter-output>
          </reporter-output>
        </test-method> <!-- beforeClass -->
        <test-method is-config="true" signature="beforeMethod()[pri:0, instance:test.TestClassTest@4f83df68]" started-at="2024-06-05T00:37:38 IST" name="beforeMethod" finished-at="2024-06-05T00:37:38 IST" duration-ms="58" status="PASS">
          <reporter-output>
          </reporter-output>
        </test-method> <!-- beforeMethod -->
        <test-method signature="verifyUserCanLogin(java.lang.String,java.lang.String,java.lang.String)[pri:0, instance:test.TestClassTest@4f83df68]" started-at="2024-06-05T00:37:38 IST" name="verifyUserCanLogin" data-provider="dataset" finished-at="2024-06-05T00:37:41 IST" duration-ms="2707" status="PASS">
          <params>
            <param index="0">
              <value>
                <![CDATA[bothwrong]]>
              </value>
            </param>
            <param index="1">
              <value>
                <![CDATA[adm]]>
              </value>
            </param>
            <param index="2">
              <value>
                <![CDATA[admin]]>
              </value>
            </param>
          </params>
          <reporter-output>
          </reporter-output>
        </test-method> <!-- verifyUserCanLogin -->
        <test-method is-config="true" signature="afterMethod(org.testng.ITestResult)[pri:0, instance:test.TestClassTest@4f83df68]" started-at="2024-06-05T00:37:41 IST" name="afterMethod" finished-at="2024-06-05T00:37:41 IST" duration-ms="16" status="PASS">
          <params>
            <param index="0">
              <value>
                <![CDATA[[TestResult name=verifyUserCanLogin status=SUCCESS method=TestClassTest.verifyUserCanLogin(java.lang.String,java.lang.String,java.lang.String)[pri:0, instance:test.TestClassTest@4f83df68] output={null}]]]>
              </value>
            </param>
          </params>
          <reporter-output>
          </reporter-output>
        </test-method> <!-- afterMethod -->
        <test-method is-config="true" signature="beforeMethod()[pri:0, instance:test.TestClassTest@4f83df68]" started-at="2024-06-05T00:37:41 IST" name="beforeMethod" finished-at="2024-06-05T00:37:41 IST" duration-ms="0" status="PASS">
          <reporter-output>
          </reporter-output>
        </test-method> <!-- beforeMethod -->
        <test-method signature="verifyUserCanLogin(java.lang.String,java.lang.String,java.lang.String)[pri:0, instance:test.TestClassTest@4f83df68]" started-at="2024-06-05T00:37:41 IST" name="verifyUserCanLogin" data-provider="dataset" finished-at="2024-06-05T00:37:43 IST" duration-ms="2549" status="PASS">
          <params>
            <param index="0">
              <value>
                <![CDATA[wrongpass]]>
              </value>
            </param>
            <param index="1">
              <value>
                <![CDATA[Admin]]>
              </value>
            </param>
            <param index="2">
              <value>
                <![CDATA[Admin@20]]>
              </value>
            </param>
          </params>
          <reporter-output>
          </reporter-output>
        </test-method> <!-- verifyUserCanLogin -->
        <test-method is-config="true" signature="afterMethod(org.testng.ITestResult)[pri:0, instance:test.TestClassTest@4f83df68]" started-at="2024-06-05T00:37:43 IST" name="afterMethod" finished-at="2024-06-05T00:37:43 IST" duration-ms="1" status="PASS">
          <params>
            <param index="0">
              <value>
                <![CDATA[[TestResult name=verifyUserCanLogin status=SUCCESS method=TestClassTest.verifyUserCanLogin(java.lang.String,java.lang.String,java.lang.String)[pri:0, instance:test.TestClassTest@4f83df68] output={null}]]]>
              </value>
            </param>
          </params>
          <reporter-output>
          </reporter-output>
        </test-method> <!-- afterMethod -->
        <test-method is-config="true" signature="beforeMethod()[pri:0, instance:test.TestClassTest@4f83df68]" started-at="2024-06-05T00:37:43 IST" name="beforeMethod" finished-at="2024-06-05T00:37:43 IST" duration-ms="1" status="PASS">
          <reporter-output>
          </reporter-output>
        </test-method> <!-- beforeMethod -->
        <test-method signature="verifyUserCanLogin(java.lang.String,java.lang.String,java.lang.String)[pri:0, instance:test.TestClassTest@4f83df68]" started-at="2024-06-05T00:37:43 IST" name="verifyUserCanLogin" data-provider="dataset" finished-at="2024-06-05T00:37:46 IST" duration-ms="2370" status="PASS">
          <params>
            <param index="0">
              <value>
                <![CDATA[bothcorrect]]>
              </value>
            </param>
            <param index="1">
              <value>
                <![CDATA[Admin]]>
              </value>
            </param>
            <param index="2">
              <value>
                <![CDATA[admin123]]>
              </value>
            </param>
          </params>
          <reporter-output>
          </reporter-output>
        </test-method> <!-- verifyUserCanLogin -->
        <test-method is-config="true" signature="afterMethod(org.testng.ITestResult)[pri:0, instance:test.TestClassTest@4f83df68]" started-at="2024-06-05T00:37:46 IST" name="afterMethod" finished-at="2024-06-05T00:37:46 IST" duration-ms="3" status="PASS">
          <params>
            <param index="0">
              <value>
                <![CDATA[[TestResult name=verifyUserCanLogin status=SUCCESS method=TestClassTest.verifyUserCanLogin(java.lang.String,java.lang.String,java.lang.String)[pri:0, instance:test.TestClassTest@4f83df68] output={null}]]]>
              </value>
            </param>
          </params>
          <reporter-output>
          </reporter-output>
        </test-method> <!-- afterMethod -->
        <test-method is-config="true" signature="afterClass()[pri:0, instance:test.TestClassTest@4f83df68]" started-at="2024-06-05T00:37:46 IST" name="afterClass" finished-at="2024-06-05T00:37:47 IST" duration-ms="1352" status="PASS">
          <reporter-output>
          </reporter-output>
        </test-method> <!-- afterClass -->
      </class> <!-- test.TestClassTest -->
    </test> <!-- Default test -->
  </suite> <!-- Default suite -->
</testng-results>
